2025-06-19 20:26:45.251 [info] Reading sessions from keychain...
2025-06-19 20:26:45.251 [info] Getting sessions for all scopes...
2025-06-19 20:26:45.251 [info] Getting sessions for all scopes...
2025-06-19 20:26:45.251 [info] Getting sessions for all scopes...
2025-06-19 20:26:45.251 [info] Getting sessions for all scopes...
2025-06-19 20:26:45.251 [info] Getting sessions for all scopes...
2025-06-19 20:26:45.251 [info] Getting sessions for all scopes...
2025-06-19 20:26:45.251 [info] Getting sessions for all scopes...
2025-06-19 20:26:45.251 [info] Getting sessions for all scopes...
2025-06-19 20:26:45.251 [info] Got 0 sessions for ...
2025-06-19 20:26:45.251 [info] Got 0 sessions for ...
2025-06-19 20:26:45.251 [info] Got 0 sessions for ...
2025-06-19 20:26:45.251 [info] Got 0 sessions for ...
2025-06-19 20:26:45.251 [info] Got 0 sessions for ...
2025-06-19 20:26:45.251 [info] Got 0 sessions for ...
2025-06-19 20:26:45.251 [info] Got 0 sessions for ...
2025-06-19 20:26:45.251 [info] Got 0 sessions for ...
2025-06-19 20:26:45.494 [info] Getting sessions for all scopes...
2025-06-19 20:26:45.494 [info] Got 0 sessions for ...
2025-06-19 20:26:45.494 [info] Getting sessions for all scopes...
2025-06-19 20:26:45.494 [info] Got 0 sessions for ...
2025-06-19 20:26:45.494 [info] Getting sessions for all scopes...
2025-06-19 20:26:45.494 [info] Got 0 sessions for ...
2025-06-19 20:26:45.494 [info] Getting sessions for all scopes...
2025-06-19 20:26:45.494 [info] Got 0 sessions for ...
2025-06-19 20:26:45.494 [info] Getting sessions for all scopes...
2025-06-19 20:26:45.494 [info] Got 0 sessions for ...
2025-06-19 20:26:45.495 [info] Getting sessions for all scopes...
2025-06-19 20:26:45.495 [info] Got 0 sessions for ...
2025-06-19 20:26:46.868 [info] Getting sessions for all scopes...
2025-06-19 20:26:46.868 [info] Got 0 sessions for ...
2025-06-19 20:26:46.949 [info] Getting sessions for all scopes...
2025-06-19 20:26:46.949 [info] Got 0 sessions for ...
2025-06-19 20:26:46.988 [info] Getting sessions for all scopes...
2025-06-19 20:26:46.988 [info] Got 0 sessions for ...
2025-06-19 20:26:46.989 [info] Getting sessions for all scopes...
2025-06-19 20:26:46.989 [info] Got 0 sessions for ...
2025-06-19 20:26:46.989 [info] Getting sessions for all scopes...
2025-06-19 20:26:46.989 [info] Got 0 sessions for ...
2025-06-19 20:26:47.210 [info] Getting sessions for all scopes...
2025-06-19 20:26:47.210 [info] Got 0 sessions for ...
2025-06-19 20:26:47.210 [info] Getting sessions for read:user,repo,user:email,workflow...
2025-06-19 20:26:47.210 [info] Got 0 sessions for read:user,repo,user:email,workflow...
2025-06-19 20:26:47.254 [info] Getting sessions for user:email...
2025-06-19 20:26:47.254 [info] Got 0 sessions for user:email...
2025-06-19 20:26:47.255 [info] Getting sessions for read:user,repo,user:email,workflow...
2025-06-19 20:26:47.255 [info] Got 0 sessions for read:user,repo,user:email,workflow...
2025-06-19 20:26:47.256 [info] Getting sessions for read:user...
2025-06-19 20:26:47.256 [info] Got 0 sessions for read:user...
2025-06-19 20:26:47.257 [info] Getting sessions for all scopes...
2025-06-19 20:26:47.257 [info] Got 0 sessions for ...
2025-06-19 20:26:47.257 [info] Getting sessions for user:email...
2025-06-19 20:26:47.257 [info] Got 0 sessions for user:email...
2025-06-19 20:26:47.645 [info] Getting sessions for user:email...
2025-06-19 20:26:47.645 [info] Got 0 sessions for user:email...
2025-06-19 20:26:47.651 [info] Getting sessions for all scopes...
2025-06-19 20:26:47.651 [info] Got 0 sessions for ...
2025-06-19 20:26:47.771 [info] Getting sessions for user:email...
2025-06-19 20:26:47.771 [info] Got 0 sessions for user:email...
2025-06-19 20:26:48.372 [info] Getting sessions for all scopes...
2025-06-19 20:26:48.372 [info] Got 0 sessions for ...
2025-06-19 20:26:48.373 [info] Getting sessions for user:email...
2025-06-19 20:26:48.373 [info] Got 0 sessions for user:email...
2025-06-19 20:26:48.374 [info] Getting sessions for all scopes...
2025-06-19 20:26:48.374 [info] Got 0 sessions for ...
2025-06-19 20:26:48.375 [info] Getting sessions for user:email...
2025-06-19 20:26:48.375 [info] Got 0 sessions for user:email...
